SF:lib\app\core\services\rest_client\failures\app_failure\i_app_failure.dart
DA:4,3
LF:1
LH:1
end_of_record
SF:lib\app\modules\home\domain\entities\address_entity.dart
DA:18,5
DA:34,1
DA:35,1
DA:36,1
DA:37,1
DA:38,1
DA:39,1
DA:40,1
DA:41,1
DA:42,1
DA:43,1
DA:44,1
DA:45,1
DA:46,1
DA:47,1
DA:48,1
LF:16
LH:16
end_of_record
SF:lib\app\modules\home\domain\usecases\get_address_usecase\get_address_usecase.dart
DA:12,1
DA:14,1
DA:18,2
LF:3
LH:3
end_of_record
SF:lib\app\core\services\rest_client\failures\app_failure\app_failure.dart
DA:5,3
LF:1
LH:1
end_of_record
SF:lib\app\modules\home\domain\helpers\params\get_address_param.dart
DA:4,4
LF:1
LH:1
end_of_record
SF:lib\app\core\services\rest_client\helpers\params\http_param.dart
DA:5,1
LF:1
LH:1
end_of_record
SF:lib\app\core\services\rest_client\helpers\responses\http_response.dart
DA:3,1
LF:1
LH:1
end_of_record
SF:lib\app\modules\home\external\datasources\get_address_datasource.dart
DA:12,1
DA:16,1
DA:18,2
DA:19,3
DA:20,2
LF:5
LH:5
end_of_record
SF:lib\app\modules\home\external\mappers\address_mapper.dart
DA:4,1
DA:5,1
DA:6,1
DA:7,1
DA:8,1
DA:9,1
DA:10,1
DA:11,1
DA:12,1
DA:13,1
DA:14,1
DA:15,1
DA:16,1
DA:17,1
DA:18,1
LF:15
LH:15
end_of_record
SF:lib\app\modules\home\infra\repositories\get_address_repository.dart
DA:12,1
DA:14,1
DA:18,2
DA:19,1
DA:20,1
DA:21,1
LF:6
LH:6
end_of_record
SF:lib\app\modules\home\presenter\bloc\get_address\get_address_bloc.dart
DA:12,1
DA:15,2
DA:16,2
DA:19,1
DA:23,2
DA:24,2
DA:25,2
DA:27,1
DA:28,3
DA:29,2
DA:30,1
LF:11
LH:11
end_of_record
SF:lib\app\modules\home\presenter\bloc\get_address\get_address_event.dart
DA:8,2
DA:12,1
DA:13,2
LF:3
LH:3
end_of_record
SF:lib\app\modules\home\presenter\bloc\get_address\get_address_state.dart
DA:5,4
DA:6,4
DA:16,2
DA:18,2
DA:19,4
LF:5
LH:5
end_of_record
SF:lib\app\modules\home\presenter\bloc\home_screen\home_screen_bloc.dart
DA:9,1
DA:10,3
DA:11,2
DA:14,1
DA:18,1
DA:19,1
DA:20,1
LF:7
LH:7
end_of_record
SF:lib\app\modules\home\presenter\bloc\home_screen\home_screen_event.dart
DA:10,2
DA:14,1
DA:15,2
LF:3
LH:3
end_of_record
SF:lib\app\modules\home\presenter\bloc\home_screen\home_screen_state.dart
DA:8,2
DA:10,1
DA:13,1
DA:14,1
DA:18,2
DA:19,4
DA:23,2
LF:7
LH:7
end_of_record
